{"/Users/cognizant/Neethu/PushBroker/test.js":{"path":"/Users/cognizant/Neethu/PushBroker/test.js","s":{"1":1,"2":1,"3":1,"4":1,"5":1,"6":1,"7":1,"8":1,"9":1,"10":1,"11":1,"12":1,"13":1,"14":1,"15":1,"16":1,"17":1,"18":1,"19":1,"20":1,"21":1,"22":1,"23":1,"24":1,"25":1,"26":1,"27":1,"28":1,"29":1,"30":1,"31":1,"32":1,"33":1,"34":1,"35":1,"36":1,"37":1,"38":1,"39":1,"40":1,"41":1,"42":1,"43":1,"44":1,"45":1,"46":1,"47":1,"48":1},"b":{},"f":{"1":1,"2":1,"3":1,"4":1,"5":1,"6":1,"7":1,"8":1,"9":1,"10":1,"11":1,"12":1,"13":1,"14":1,"15":1,"16":1,"17":1,"18":1},"fnMap":{"1":{"name":"(anonymous_1)","line":18,"loc":{"start":{"line":18,"column":49},"end":{"line":18,"column":61}}},"2":{"name":"(anonymous_2)","line":20,"loc":{"start":{"line":20,"column":11},"end":{"line":20,"column":27}}},"3":{"name":"(anonymous_3)","line":22,"loc":{"start":{"line":22,"column":19},"end":{"line":22,"column":31}}},"4":{"name":"(anonymous_4)","line":28,"loc":{"start":{"line":28,"column":28},"end":{"line":28,"column":40}}},"5":{"name":"(anonymous_5)","line":29,"loc":{"start":{"line":29,"column":70},"end":{"line":29,"column":86}}},"6":{"name":"(anonymous_6)","line":32,"loc":{"start":{"line":32,"column":21},"end":{"line":32,"column":41}}},"7":{"name":"(anonymous_7)","line":41,"loc":{"start":{"line":41,"column":51},"end":{"line":41,"column":63}}},"8":{"name":"(anonymous_8)","line":42,"loc":{"start":{"line":42,"column":64},"end":{"line":42,"column":80}}},"9":{"name":"(anonymous_9)","line":48,"loc":{"start":{"line":48,"column":21},"end":{"line":48,"column":41}}},"10":{"name":"(anonymous_10)","line":60,"loc":{"start":{"line":60,"column":56},"end":{"line":60,"column":68}}},"11":{"name":"(anonymous_11)","line":61,"loc":{"start":{"line":61,"column":59},"end":{"line":61,"column":75}}},"12":{"name":"(anonymous_12)","line":67,"loc":{"start":{"line":67,"column":21},"end":{"line":67,"column":41}}},"13":{"name":"(anonymous_13)","line":80,"loc":{"start":{"line":80,"column":61},"end":{"line":80,"column":73}}},"14":{"name":"(anonymous_14)","line":81,"loc":{"start":{"line":81,"column":61},"end":{"line":81,"column":77}}},"15":{"name":"(anonymous_15)","line":87,"loc":{"start":{"line":87,"column":21},"end":{"line":87,"column":41}}},"16":{"name":"(anonymous_16)","line":96,"loc":{"start":{"line":96,"column":54},"end":{"line":96,"column":66}}},"17":{"name":"(anonymous_17)","line":97,"loc":{"start":{"line":97,"column":61},"end":{"line":97,"column":77}}},"18":{"name":"(anonymous_18)","line":104,"loc":{"start":{"line":104,"column":21},"end":{"line":104,"column":41}}}},"statementMap":{"1":{"start":{"line":4,"column":0},"end":{"line":4,"column":27}},"2":{"start":{"line":5,"column":0},"end":{"line":5,"column":36}},"3":{"start":{"line":6,"column":0},"end":{"line":6,"column":27}},"4":{"start":{"line":7,"column":0},"end":{"line":7,"column":36}},"5":{"start":{"line":9,"column":0},"end":{"line":9,"column":49}},"6":{"start":{"line":10,"column":0},"end":{"line":10,"column":19}},"7":{"start":{"line":18,"column":0},"end":{"line":113,"column":3}},"8":{"start":{"line":20,"column":4},"end":{"line":25,"column":7}},"9":{"start":{"line":21,"column":8},"end":{"line":21,"column":44}},"10":{"start":{"line":22,"column":8},"end":{"line":24,"column":17}},"11":{"start":{"line":23,"column":12},"end":{"line":23,"column":19}},"12":{"start":{"line":28,"column":4},"end":{"line":39,"column":7}},"13":{"start":{"line":29,"column":8},"end":{"line":38,"column":11}},"14":{"start":{"line":30,"column":12},"end":{"line":30,"column":32}},"15":{"start":{"line":31,"column":12},"end":{"line":37,"column":19}},"16":{"start":{"line":33,"column":20},"end":{"line":33,"column":48}},"17":{"start":{"line":34,"column":20},"end":{"line":34,"column":53}},"18":{"start":{"line":36,"column":20},"end":{"line":36,"column":27}},"19":{"start":{"line":41,"column":4},"end":{"line":58,"column":7}},"20":{"start":{"line":42,"column":8},"end":{"line":57,"column":11}},"21":{"start":{"line":43,"column":12},"end":{"line":43,"column":32}},"22":{"start":{"line":45,"column":12},"end":{"line":54,"column":19}},"23":{"start":{"line":49,"column":20},"end":{"line":49,"column":48}},"24":{"start":{"line":50,"column":20},"end":{"line":50,"column":53}},"25":{"start":{"line":51,"column":20},"end":{"line":51,"column":51}},"26":{"start":{"line":52,"column":20},"end":{"line":52,"column":60}},"27":{"start":{"line":53,"column":20},"end":{"line":53,"column":27}},"28":{"start":{"line":60,"column":4},"end":{"line":77,"column":7}},"29":{"start":{"line":61,"column":8},"end":{"line":76,"column":11}},"30":{"start":{"line":62,"column":12},"end":{"line":62,"column":32}},"31":{"start":{"line":64,"column":12},"end":{"line":73,"column":19}},"32":{"start":{"line":68,"column":20},"end":{"line":68,"column":48}},"33":{"start":{"line":69,"column":20},"end":{"line":69,"column":53}},"34":{"start":{"line":70,"column":20},"end":{"line":70,"column":51}},"35":{"start":{"line":71,"column":20},"end":{"line":71,"column":60}},"36":{"start":{"line":72,"column":20},"end":{"line":72,"column":27}},"37":{"start":{"line":80,"column":4},"end":{"line":94,"column":7}},"38":{"start":{"line":81,"column":8},"end":{"line":93,"column":11}},"39":{"start":{"line":82,"column":12},"end":{"line":82,"column":32}},"40":{"start":{"line":83,"column":13},"end":{"line":90,"column":19}},"41":{"start":{"line":88,"column":20},"end":{"line":88,"column":48}},"42":{"start":{"line":89,"column":20},"end":{"line":89,"column":27}},"43":{"start":{"line":96,"column":4},"end":{"line":111,"column":7}},"44":{"start":{"line":97,"column":8},"end":{"line":110,"column":11}},"45":{"start":{"line":98,"column":12},"end":{"line":98,"column":32}},"46":{"start":{"line":100,"column":12},"end":{"line":107,"column":19}},"47":{"start":{"line":105,"column":20},"end":{"line":105,"column":48}},"48":{"start":{"line":106,"column":20},"end":{"line":106,"column":27}}},"branchMap":{}},"/Users/cognizant/Neethu/PushBroker/push-service-broker.js":{"path":"/Users/cognizant/Neethu/PushBroker/push-service-broker.js","s":{"1":1,"2":1,"3":1,"4":1,"5":1,"6":1,"7":1,"8":1,"9":1,"10":1,"11":1,"12":1,"13":1,"14":1,"15":1,"16":1,"17":1,"18":1,"19":1,"20":1,"21":1,"22":1,"23":0,"24":0,"25":1,"26":1,"27":1,"28":1,"29":1,"30":1,"31":1,"32":1,"33":1,"34":1,"35":1,"36":1,"37":0,"38":0,"39":0,"40":1,"41":1,"42":1,"43":1,"44":1,"45":1,"46":1,"47":1,"48":0,"49":1,"50":1,"51":1,"52":0,"53":1,"54":1,"55":1,"56":1,"57":1,"58":1,"59":0,"60":1,"61":1,"62":1,"63":1,"64":1,"65":1,"66":0,"67":1,"68":1,"69":1,"70":0,"71":1,"72":1,"73":1,"74":1,"75":1,"76":1,"77":1,"78":1,"79":0,"80":1,"81":1,"82":0,"83":1,"84":0,"85":1,"86":1,"87":1,"88":1,"89":1,"90":1,"91":0,"92":1,"93":1,"94":1,"95":0,"96":1,"97":1,"98":1,"99":1,"100":1,"101":1,"102":0,"103":1,"104":1,"105":1,"106":1,"107":1,"108":1,"109":1,"110":1,"111":0,"112":1,"113":1,"114":1,"115":0,"116":1,"117":0,"118":1,"119":1,"120":1,"121":1,"122":1,"123":1,"124":1,"125":1,"126":1,"127":0,"128":0,"129":1,"130":1,"131":1,"132":1,"133":1,"134":0,"135":1,"136":1,"137":1,"138":1,"139":1,"140":0,"141":0,"142":1,"143":1,"144":1,"145":5,"146":0,"147":0,"148":0,"149":0,"150":0,"151":5,"152":5,"153":1,"154":1,"155":5,"156":0,"157":0,"158":0,"159":0,"160":5,"161":5,"162":1,"163":1,"164":0,"165":1,"166":1,"167":1,"168":1,"169":1,"170":1},"b":{"1":[0,1],"2":[0,1],"3":[0,1],"4":[1,0],"5":[0,1],"6":[0,1],"7":[0,1],"8":[0,1],"9":[1,0],"10":[0,1],"11":[0,1],"12":[0,1],"13":[0,1],"14":[1,0],"15":[0,1],"16":[0,1],"17":[0,1],"18":[0,5],"19":[0,0],"20":[0,5],"21":[5,5],"22":[0,0],"23":[0,0,0,0],"24":[1,1]},"f":{"1":1,"2":1,"3":1,"4":1,"5":1,"6":1,"7":1,"8":1,"9":1,"10":1,"11":1,"12":1,"13":1,"14":1,"15":1,"16":1,"17":1,"18":1,"19":1,"20":1,"21":1,"22":1,"23":1,"24":1,"25":1,"26":0,"27":1,"28":5,"29":1,"30":5,"31":0,"32":1,"33":1},"fnMap":{"1":{"name":"checkConsistency","line":37,"loc":{"start":{"line":37,"column":0},"end":{"line":37,"column":28}}},"2":{"name":"(anonymous_2)","line":55,"loc":{"start":{"line":55,"column":26},"end":{"line":55,"column":61}}},"3":{"name":"(anonymous_3)","line":62,"loc":{"start":{"line":62,"column":40},"end":{"line":62,"column":75}}},"4":{"name":"(anonymous_4)","line":70,"loc":{"start":{"line":70,"column":37},"end":{"line":70,"column":57}}},"5":{"name":"(anonymous_5)","line":89,"loc":{"start":{"line":89,"column":40},"end":{"line":89,"column":71}}},"6":{"name":"(anonymous_6)","line":92,"loc":{"start":{"line":92,"column":29},"end":{"line":92,"column":49}}},"7":{"name":"(anonymous_7)","line":94,"loc":{"start":{"line":94,"column":25},"end":{"line":94,"column":45}}},"8":{"name":"(anonymous_8)","line":119,"loc":{"start":{"line":119,"column":23},"end":{"line":119,"column":53}}},"9":{"name":"(anonymous_9)","line":125,"loc":{"start":{"line":125,"column":25},"end":{"line":125,"column":45}}},"10":{"name":"(anonymous_10)","line":136,"loc":{"start":{"line":136,"column":19},"end":{"line":136,"column":49}}},"11":{"name":"(anonymous_11)","line":139,"loc":{"start":{"line":139,"column":39},"end":{"line":139,"column":52}}},"12":{"name":"(anonymous_12)","line":151,"loc":{"start":{"line":151,"column":24},"end":{"line":151,"column":39}}},"13":{"name":"(anonymous_13)","line":173,"loc":{"start":{"line":173,"column":70},"end":{"line":173,"column":101}}},"14":{"name":"(anonymous_14)","line":177,"loc":{"start":{"line":177,"column":33},"end":{"line":177,"column":53}}},"15":{"name":"(anonymous_15)","line":179,"loc":{"start":{"line":179,"column":29},"end":{"line":179,"column":49}}},"16":{"name":"(anonymous_16)","line":208,"loc":{"start":{"line":208,"column":38},"end":{"line":208,"column":71}}},"17":{"name":"(anonymous_17)","line":227,"loc":{"start":{"line":227,"column":31},"end":{"line":227,"column":58}}},"18":{"name":"(anonymous_18)","line":229,"loc":{"start":{"line":229,"column":27},"end":{"line":229,"column":47}}},"19":{"name":"(anonymous_19)","line":251,"loc":{"start":{"line":251,"column":28},"end":{"line":251,"column":51}}},"20":{"name":"(anonymous_20)","line":270,"loc":{"start":{"line":270,"column":70},"end":{"line":270,"column":101}}},"21":{"name":"(anonymous_21)","line":275,"loc":{"start":{"line":275,"column":33},"end":{"line":275,"column":53}}},"22":{"name":"(anonymous_22)","line":276,"loc":{"start":{"line":276,"column":29},"end":{"line":276,"column":49}}},"23":{"name":"(anonymous_23)","line":309,"loc":{"start":{"line":309,"column":22},"end":{"line":309,"column":52}}},"24":{"name":"(anonymous_24)","line":316,"loc":{"start":{"line":316,"column":29},"end":{"line":316,"column":49}}},"25":{"name":"(anonymous_25)","line":328,"loc":{"start":{"line":328,"column":28},"end":{"line":328,"column":48}}},"26":{"name":"(anonymous_26)","line":351,"loc":{"start":{"line":351,"column":36},"end":{"line":351,"column":71}}},"27":{"name":"apiVersionChecker","line":359,"loc":{"start":{"line":359,"column":0},"end":{"line":359,"column":36}}},"28":{"name":"(anonymous_28)","line":361,"loc":{"start":{"line":361,"column":11},"end":{"line":361,"column":46}}},"29":{"name":"authenticate","line":376,"loc":{"start":{"line":376,"column":0},"end":{"line":376,"column":35}}},"30":{"name":"(anonymous_30)","line":377,"loc":{"start":{"line":377,"column":11},"end":{"line":377,"column":46}}},"31":{"name":"(anonymous_31)","line":400,"loc":{"start":{"line":400,"column":31},"end":{"line":400,"column":63}}},"32":{"name":"(anonymous_32)","line":409,"loc":{"start":{"line":409,"column":43},"end":{"line":410,"column":0}}},"33":{"name":"(anonymous_33)","line":412,"loc":{"start":{"line":412,"column":24},"end":{"line":412,"column":36}}}},"statementMap":{"1":{"start":{"line":11,"column":0},"end":{"line":11,"column":53}},"2":{"start":{"line":12,"column":0},"end":{"line":12,"column":33}},"3":{"start":{"line":13,"column":0},"end":{"line":13,"column":29}},"4":{"start":{"line":14,"column":0},"end":{"line":14,"column":27}},"5":{"start":{"line":15,"column":0},"end":{"line":15,"column":50}},"6":{"start":{"line":16,"column":0},"end":{"line":16,"column":51}},"7":{"start":{"line":17,"column":0},"end":{"line":17,"column":44}},"8":{"start":{"line":20,"column":0},"end":{"line":22,"column":3}},"9":{"start":{"line":24,"column":0},"end":{"line":27,"column":4}},"10":{"start":{"line":28,"column":0},"end":{"line":28,"column":42}},"11":{"start":{"line":29,"column":0},"end":{"line":29,"column":45}},"12":{"start":{"line":30,"column":0},"end":{"line":30,"column":35}},"13":{"start":{"line":31,"column":0},"end":{"line":31,"column":33}},"14":{"start":{"line":32,"column":0},"end":{"line":32,"column":46}},"15":{"start":{"line":37,"column":0},"end":{"line":52,"column":1}},"16":{"start":{"line":38,"column":4},"end":{"line":38,"column":38}},"17":{"start":{"line":40,"column":4},"end":{"line":40,"column":29}},"18":{"start":{"line":41,"column":4},"end":{"line":41,"column":25}},"19":{"start":{"line":43,"column":4},"end":{"line":51,"column":5}},"20":{"start":{"line":44,"column":8},"end":{"line":50,"column":9}},"21":{"start":{"line":45,"column":12},"end":{"line":45,"column":49}},"22":{"start":{"line":46,"column":12},"end":{"line":49,"column":13}},"23":{"start":{"line":47,"column":16},"end":{"line":47,"column":154}},"24":{"start":{"line":48,"column":16},"end":{"line":48,"column":37}},"25":{"start":{"line":55,"column":0},"end":{"line":59,"column":3}},"26":{"start":{"line":57,"column":4},"end":{"line":57,"column":34}},"27":{"start":{"line":58,"column":4},"end":{"line":58,"column":11}},"28":{"start":{"line":62,"column":0},"end":{"line":84,"column":3}},"29":{"start":{"line":63,"column":4},"end":{"line":63,"column":77}},"30":{"start":{"line":65,"column":4},"end":{"line":65,"column":25}},"31":{"start":{"line":66,"column":4},"end":{"line":66,"column":47}},"32":{"start":{"line":67,"column":4},"end":{"line":67,"column":51}},"33":{"start":{"line":68,"column":4},"end":{"line":68,"column":35}},"34":{"start":{"line":69,"column":4},"end":{"line":69,"column":32}},"35":{"start":{"line":70,"column":4},"end":{"line":81,"column":7}},"36":{"start":{"line":71,"column":8},"end":{"line":79,"column":9}},"37":{"start":{"line":72,"column":12},"end":{"line":72,"column":38}},"38":{"start":{"line":73,"column":12},"end":{"line":73,"column":33}},"39":{"start":{"line":74,"column":12},"end":{"line":74,"column":27}},"40":{"start":{"line":77,"column":12},"end":{"line":77,"column":33}},"41":{"start":{"line":78,"column":12},"end":{"line":78,"column":99}},"42":{"start":{"line":83,"column":4},"end":{"line":83,"column":11}},"43":{"start":{"line":89,"column":0},"end":{"line":168,"column":3}},"44":{"start":{"line":90,"column":4},"end":{"line":90,"column":62}},"45":{"start":{"line":92,"column":4},"end":{"line":116,"column":6}},"46":{"start":{"line":94,"column":8},"end":{"line":108,"column":10}},"47":{"start":{"line":95,"column":12},"end":{"line":107,"column":13}},"48":{"start":{"line":96,"column":16},"end":{"line":96,"column":37}},"49":{"start":{"line":100,"column":16},"end":{"line":106,"column":17}},"50":{"start":{"line":101,"column":20},"end":{"line":101,"column":72}},"51":{"start":{"line":102,"column":20},"end":{"line":102,"column":53}},"52":{"start":{"line":105,"column":20},"end":{"line":105,"column":65}},"53":{"start":{"line":110,"column":8},"end":{"line":112,"column":10}},"54":{"start":{"line":114,"column":8},"end":{"line":114,"column":53}},"55":{"start":{"line":119,"column":4},"end":{"line":134,"column":6}},"56":{"start":{"line":121,"column":8},"end":{"line":123,"column":10}},"57":{"start":{"line":125,"column":8},"end":{"line":132,"column":10}},"58":{"start":{"line":126,"column":10},"end":{"line":131,"column":11}},"59":{"start":{"line":127,"column":14},"end":{"line":127,"column":35}},"60":{"start":{"line":130,"column":14},"end":{"line":130,"column":48}},"61":{"start":{"line":133,"column":8},"end":{"line":133,"column":57}},"62":{"start":{"line":136,"column":4},"end":{"line":148,"column":6}},"63":{"start":{"line":137,"column":8},"end":{"line":137,"column":40}},"64":{"start":{"line":139,"column":8},"end":{"line":146,"column":11}},"65":{"start":{"line":140,"column":11},"end":{"line":145,"column":12}},"66":{"start":{"line":141,"column":15},"end":{"line":141,"column":36}},"67":{"start":{"line":144,"column":15},"end":{"line":144,"column":42}},"68":{"start":{"line":151,"column":4},"end":{"line":164,"column":5}},"69":{"start":{"line":152,"column":8},"end":{"line":163,"column":9}},"70":{"start":{"line":153,"column":12},"end":{"line":155,"column":15}},"71":{"start":{"line":158,"column":12},"end":{"line":160,"column":15}},"72":{"start":{"line":162,"column":12},"end":{"line":162,"column":19}},"73":{"start":{"line":165,"column":4},"end":{"line":165,"column":79}},"74":{"start":{"line":167,"column":4},"end":{"line":167,"column":11}},"75":{"start":{"line":173,"column":0},"end":{"line":267,"column":2}},"76":{"start":{"line":177,"column":8},"end":{"line":205,"column":10}},"77":{"start":{"line":179,"column":12},"end":{"line":197,"column":14}},"78":{"start":{"line":180,"column":16},"end":{"line":196,"column":17}},"79":{"start":{"line":181,"column":20},"end":{"line":181,"column":41}},"80":{"start":{"line":185,"column":20},"end":{"line":195,"column":21}},"81":{"start":{"line":186,"column":20},"end":{"line":191,"column":21}},"82":{"start":{"line":187,"column":24},"end":{"line":187,"column":97}},"83":{"start":{"line":190,"column":24},"end":{"line":190,"column":54}},"84":{"start":{"line":194,"column":24},"end":{"line":194,"column":73}},"85":{"start":{"line":199,"column":12},"end":{"line":201,"column":14}},"86":{"start":{"line":203,"column":12},"end":{"line":203,"column":57}},"87":{"start":{"line":208,"column":8},"end":{"line":223,"column":10}},"88":{"start":{"line":209,"column":12},"end":{"line":222,"column":13}},"89":{"start":{"line":210,"column":16},"end":{"line":215,"column":18}},"90":{"start":{"line":218,"column":16},"end":{"line":218,"column":48}},"91":{"start":{"line":221,"column":16},"end":{"line":221,"column":37}},"92":{"start":{"line":227,"column":8},"end":{"line":249,"column":10}},"93":{"start":{"line":229,"column":12},"end":{"line":236,"column":14}},"94":{"start":{"line":230,"column":16},"end":{"line":235,"column":17}},"95":{"start":{"line":231,"column":20},"end":{"line":231,"column":41}},"96":{"start":{"line":234,"column":20},"end":{"line":234,"column":51}},"97":{"start":{"line":238,"column":12},"end":{"line":240,"column":18}},"98":{"start":{"line":241,"column":12},"end":{"line":243,"column":18}},"99":{"start":{"line":246,"column":12},"end":{"line":246,"column":69}},"100":{"start":{"line":251,"column":8},"end":{"line":263,"column":9}},"101":{"start":{"line":252,"column":12},"end":{"line":262,"column":13}},"102":{"start":{"line":253,"column":16},"end":{"line":255,"column":19}},"103":{"start":{"line":258,"column":16},"end":{"line":258,"column":37}},"104":{"start":{"line":260,"column":16},"end":{"line":260,"column":53}},"105":{"start":{"line":261,"column":16},"end":{"line":261,"column":23}},"106":{"start":{"line":264,"column":7},"end":{"line":264,"column":102}},"107":{"start":{"line":270,"column":0},"end":{"line":347,"column":2}},"108":{"start":{"line":275,"column":8},"end":{"line":306,"column":10}},"109":{"start":{"line":276,"column":12},"end":{"line":299,"column":14}},"110":{"start":{"line":277,"column":16},"end":{"line":297,"column":17}},"111":{"start":{"line":278,"column":20},"end":{"line":278,"column":41}},"112":{"start":{"line":282,"column":20},"end":{"line":282,"column":71}},"113":{"start":{"line":284,"column":20},"end":{"line":296,"column":21}},"114":{"start":{"line":285,"column":24},"end":{"line":290,"column":25}},"115":{"start":{"line":286,"column":28},"end":{"line":286,"column":80}},"116":{"start":{"line":289,"column":28},"end":{"line":289,"column":58}},"117":{"start":{"line":294,"column":24},"end":{"line":294,"column":73}},"118":{"start":{"line":300,"column":15},"end":{"line":302,"column":14}},"119":{"start":{"line":304,"column":12},"end":{"line":304,"column":57}},"120":{"start":{"line":309,"column":8},"end":{"line":327,"column":10}},"121":{"start":{"line":310,"column":10},"end":{"line":310,"column":48}},"122":{"start":{"line":311,"column":13},"end":{"line":311,"column":44}},"123":{"start":{"line":312,"column":12},"end":{"line":312,"column":43}},"124":{"start":{"line":313,"column":12},"end":{"line":315,"column":14}},"125":{"start":{"line":316,"column":12},"end":{"line":325,"column":13}},"126":{"start":{"line":317,"column":16},"end":{"line":324,"column":17}},"127":{"start":{"line":318,"column":20},"end":{"line":318,"column":58}},"128":{"start":{"line":319,"column":20},"end":{"line":319,"column":41}},"129":{"start":{"line":322,"column":20},"end":{"line":322,"column":63}},"130":{"start":{"line":323,"column":20},"end":{"line":323,"column":49}},"131":{"start":{"line":326,"column":12},"end":{"line":326,"column":75}},"132":{"start":{"line":328,"column":8},"end":{"line":341,"column":10}},"133":{"start":{"line":329,"column":10},"end":{"line":340,"column":11}},"134":{"start":{"line":330,"column":14},"end":{"line":332,"column":17}},"135":{"start":{"line":335,"column":14},"end":{"line":335,"column":54}},"136":{"start":{"line":336,"column":14},"end":{"line":338,"column":17}},"137":{"start":{"line":343,"column":8},"end":{"line":343,"column":69}},"138":{"start":{"line":345,"column":8},"end":{"line":345,"column":15}},"139":{"start":{"line":351,"column":0},"end":{"line":357,"column":3}},"140":{"start":{"line":353,"column":4},"end":{"line":355,"column":7}},"141":{"start":{"line":356,"column":4},"end":{"line":356,"column":11}},"142":{"start":{"line":359,"column":0},"end":{"line":374,"column":1}},"143":{"start":{"line":360,"column":4},"end":{"line":360,"column":40}},"144":{"start":{"line":361,"column":4},"end":{"line":373,"column":6}},"145":{"start":{"line":362,"column":8},"end":{"line":371,"column":9}},"146":{"start":{"line":363,"column":12},"end":{"line":363,"column":71}},"147":{"start":{"line":364,"column":12},"end":{"line":368,"column":13}},"148":{"start":{"line":365,"column":16},"end":{"line":365,"column":93}},"149":{"start":{"line":366,"column":16},"end":{"line":366,"column":37}},"150":{"start":{"line":367,"column":16},"end":{"line":367,"column":95}},"151":{"start":{"line":370,"column":12},"end":{"line":370,"column":65}},"152":{"start":{"line":372,"column":8},"end":{"line":372,"column":15}},"153":{"start":{"line":376,"column":0},"end":{"line":392,"column":1}},"154":{"start":{"line":377,"column":4},"end":{"line":391,"column":6}},"155":{"start":{"line":378,"column":8},"end":{"line":389,"column":9}},"156":{"start":{"line":379,"column":12},"end":{"line":385,"column":13}},"157":{"start":{"line":380,"column":16},"end":{"line":380,"column":37}},"158":{"start":{"line":381,"column":16},"end":{"line":381,"column":94}},"159":{"start":{"line":382,"column":16},"end":{"line":382,"column":90}},"160":{"start":{"line":388,"column":12},"end":{"line":388,"column":19}},"161":{"start":{"line":390,"column":8},"end":{"line":390,"column":15}},"162":{"start":{"line":394,"column":0},"end":{"line":397,"column":4}},"163":{"start":{"line":400,"column":0},"end":{"line":403,"column":3}},"164":{"start":{"line":401,"column":4},"end":{"line":401,"column":32}},"165":{"start":{"line":405,"column":0},"end":{"line":405,"column":19}},"166":{"start":{"line":406,"column":0},"end":{"line":406,"column":53}},"167":{"start":{"line":409,"column":0},"end":{"line":415,"column":3}},"168":{"start":{"line":412,"column":4},"end":{"line":414,"column":7}},"169":{"start":{"line":413,"column":8},"end":{"line":413,"column":73}},"170":{"start":{"line":419,"column":0},"end":{"line":419,"column":24}}},"branchMap":{"1":{"line":46,"type":"if","locations":[{"start":{"line":46,"column":12},"end":{"line":46,"column":12}},{"start":{"line":46,"column":12},"end":{"line":46,"column":12}}]},"2":{"line":71,"type":"if","locations":[{"start":{"line":71,"column":8},"end":{"line":71,"column":8}},{"start":{"line":71,"column":8},"end":{"line":71,"column":8}}]},"3":{"line":95,"type":"if","locations":[{"start":{"line":95,"column":12},"end":{"line":95,"column":12}},{"start":{"line":95,"column":12},"end":{"line":95,"column":12}}]},"4":{"line":100,"type":"if","locations":[{"start":{"line":100,"column":16},"end":{"line":100,"column":16}},{"start":{"line":100,"column":16},"end":{"line":100,"column":16}}]},"5":{"line":126,"type":"if","locations":[{"start":{"line":126,"column":10},"end":{"line":126,"column":10}},{"start":{"line":126,"column":10},"end":{"line":126,"column":10}}]},"6":{"line":140,"type":"if","locations":[{"start":{"line":140,"column":11},"end":{"line":140,"column":11}},{"start":{"line":140,"column":11},"end":{"line":140,"column":11}}]},"7":{"line":152,"type":"if","locations":[{"start":{"line":152,"column":8},"end":{"line":152,"column":8}},{"start":{"line":152,"column":8},"end":{"line":152,"column":8}}]},"8":{"line":180,"type":"if","locations":[{"start":{"line":180,"column":16},"end":{"line":180,"column":16}},{"start":{"line":180,"column":16},"end":{"line":180,"column":16}}]},"9":{"line":185,"type":"if","locations":[{"start":{"line":185,"column":20},"end":{"line":185,"column":20}},{"start":{"line":185,"column":20},"end":{"line":185,"column":20}}]},"10":{"line":186,"type":"if","locations":[{"start":{"line":186,"column":20},"end":{"line":186,"column":20}},{"start":{"line":186,"column":20},"end":{"line":186,"column":20}}]},"11":{"line":230,"type":"if","locations":[{"start":{"line":230,"column":16},"end":{"line":230,"column":16}},{"start":{"line":230,"column":16},"end":{"line":230,"column":16}}]},"12":{"line":252,"type":"if","locations":[{"start":{"line":252,"column":12},"end":{"line":252,"column":12}},{"start":{"line":252,"column":12},"end":{"line":252,"column":12}}]},"13":{"line":277,"type":"if","locations":[{"start":{"line":277,"column":16},"end":{"line":277,"column":16}},{"start":{"line":277,"column":16},"end":{"line":277,"column":16}}]},"14":{"line":284,"type":"if","locations":[{"start":{"line":284,"column":20},"end":{"line":284,"column":20}},{"start":{"line":284,"column":20},"end":{"line":284,"column":20}}]},"15":{"line":285,"type":"if","locations":[{"start":{"line":285,"column":24},"end":{"line":285,"column":24}},{"start":{"line":285,"column":24},"end":{"line":285,"column":24}}]},"16":{"line":317,"type":"if","locations":[{"start":{"line":317,"column":16},"end":{"line":317,"column":16}},{"start":{"line":317,"column":16},"end":{"line":317,"column":16}}]},"17":{"line":329,"type":"if","locations":[{"start":{"line":329,"column":10},"end":{"line":329,"column":10}},{"start":{"line":329,"column":10},"end":{"line":329,"column":10}}]},"18":{"line":362,"type":"if","locations":[{"start":{"line":362,"column":8},"end":{"line":362,"column":8}},{"start":{"line":362,"column":8},"end":{"line":362,"column":8}}]},"19":{"line":364,"type":"if","locations":[{"start":{"line":364,"column":12},"end":{"line":364,"column":12}},{"start":{"line":364,"column":12},"end":{"line":364,"column":12}}]},"20":{"line":378,"type":"if","locations":[{"start":{"line":378,"column":8},"end":{"line":378,"column":8}},{"start":{"line":378,"column":8},"end":{"line":378,"column":8}}]},"21":{"line":378,"type":"binary-expr","locations":[{"start":{"line":378,"column":12},"end":{"line":378,"column":32}},{"start":{"line":378,"column":36},"end":{"line":378,"column":60}}]},"22":{"line":379,"type":"if","locations":[{"start":{"line":379,"column":12},"end":{"line":379,"column":12}},{"start":{"line":379,"column":12},"end":{"line":379,"column":12}}]},"23":{"line":379,"type":"binary-expr","locations":[{"start":{"line":379,"column":18},"end":{"line":379,"column":39}},{"start":{"line":379,"column":43},"end":{"line":379,"column":70}},{"start":{"line":379,"column":74},"end":{"line":379,"column":135}},{"start":{"line":379,"column":139},"end":{"line":379,"column":204}}]},"24":{"line":406,"type":"binary-expr","locations":[{"start":{"line":406,"column":18},"end":{"line":406,"column":43}},{"start":{"line":406,"column":47},"end":{"line":406,"column":51}}]}}},"/Users/cognizant/Neethu/PushBroker/DAL/InstanceDal.js":{"path":"/Users/cognizant/Neethu/PushBroker/DAL/InstanceDal.js","s":{"1":1,"2":1,"3":1,"4":1,"5":1,"6":1,"7":1,"8":1,"9":1,"10":3,"11":3,"12":3,"13":1,"14":2,"15":2,"16":2,"17":1,"18":1,"19":1,"20":1},"b":{},"f":{"1":1,"2":3,"3":2,"4":1},"fnMap":{"1":{"name":"(anonymous_1)","line":9,"loc":{"start":{"line":9,"column":19},"end":{"line":9,"column":41}}},"2":{"name":"(anonymous_2)","line":18,"loc":{"start":{"line":18,"column":22},"end":{"line":18,"column":44}}},"3":{"name":"(anonymous_3)","line":27,"loc":{"start":{"line":27,"column":25},"end":{"line":27,"column":65}}},"4":{"name":"(anonymous_4)","line":37,"loc":{"start":{"line":37,"column":25},"end":{"line":37,"column":47}}}},"statementMap":{"1":{"start":{"line":4,"column":0},"end":{"line":4,"column":54}},"2":{"start":{"line":5,"column":0},"end":{"line":5,"column":7}},"3":{"start":{"line":6,"column":0},"end":{"line":6,"column":42}},"4":{"start":{"line":9,"column":0},"end":{"line":15,"column":2}},"5":{"start":{"line":10,"column":4},"end":{"line":10,"column":27}},"6":{"start":{"line":11,"column":4},"end":{"line":11,"column":56}},"7":{"start":{"line":12,"column":4},"end":{"line":12,"column":40}},"8":{"start":{"line":13,"column":4},"end":{"line":13,"column":31}},"9":{"start":{"line":18,"column":0},"end":{"line":24,"column":2}},"10":{"start":{"line":19,"column":4},"end":{"line":19,"column":27}},"11":{"start":{"line":20,"column":4},"end":{"line":20,"column":56}},"12":{"start":{"line":22,"column":4},"end":{"line":22,"column":32}},"13":{"start":{"line":27,"column":0},"end":{"line":33,"column":2}},"14":{"start":{"line":28,"column":4},"end":{"line":28,"column":27}},"15":{"start":{"line":29,"column":4},"end":{"line":29,"column":56}},"16":{"start":{"line":31,"column":4},"end":{"line":31,"column":52}},"17":{"start":{"line":37,"column":0},"end":{"line":43,"column":2}},"18":{"start":{"line":38,"column":4},"end":{"line":38,"column":27}},"19":{"start":{"line":39,"column":4},"end":{"line":39,"column":56}},"20":{"start":{"line":41,"column":4},"end":{"line":41,"column":34}}},"branchMap":{}},"/Users/cognizant/Neethu/PushBroker/models/Instances.js":{"path":"/Users/cognizant/Neethu/PushBroker/models/Instances.js","s":{"1":1,"2":1,"3":1,"4":1},"b":{},"f":{},"fnMap":{},"statementMap":{"1":{"start":{"line":4,"column":0},"end":{"line":4,"column":35}},"2":{"start":{"line":5,"column":0},"end":{"line":5,"column":29}},"3":{"start":{"line":7,"column":0},"end":{"line":13,"column":3}},"4":{"start":{"line":15,"column":0},"end":{"line":15,"column":32}}},"branchMap":{}},"/Users/cognizant/Neethu/PushBroker/DAL/Connector.js":{"path":"/Users/cognizant/Neethu/PushBroker/DAL/Connector.js","s":{"1":1,"2":1,"3":1,"4":1,"5":1,"6":1,"7":1,"8":1,"9":1,"10":1,"11":7,"12":1,"13":1,"14":1},"b":{"1":[1,0]},"f":{"1":1,"2":1,"3":7,"4":1},"fnMap":{"1":{"name":"(anonymous_1)","line":9,"loc":{"start":{"line":9,"column":22},"end":{"line":9,"column":48}}},"2":{"name":"(anonymous_2)","line":21,"loc":{"start":{"line":21,"column":24},"end":{"line":21,"column":36}}},"3":{"name":"(anonymous_3)","line":31,"loc":{"start":{"line":31,"column":16},"end":{"line":31,"column":26}}},"4":{"name":"(anonymous_4)","line":36,"loc":{"start":{"line":36,"column":19},"end":{"line":36,"column":44}}}},"statementMap":{"1":{"start":{"line":5,"column":0},"end":{"line":5,"column":40}},"2":{"start":{"line":6,"column":0},"end":{"line":6,"column":35}},"3":{"start":{"line":7,"column":0},"end":{"line":7,"column":7}},"4":{"start":{"line":9,"column":0},"end":{"line":27,"column":1}},"5":{"start":{"line":12,"column":4},"end":{"line":26,"column":5}},"6":{"start":{"line":17,"column":8},"end":{"line":17,"column":63}},"7":{"start":{"line":21,"column":8},"end":{"line":25,"column":11}},"8":{"start":{"line":22,"column":12},"end":{"line":22,"column":50}},"9":{"start":{"line":23,"column":12},"end":{"line":23,"column":30}},"10":{"start":{"line":31,"column":0},"end":{"line":33,"column":2}},"11":{"start":{"line":32,"column":4},"end":{"line":32,"column":14}},"12":{"start":{"line":36,"column":0},"end":{"line":39,"column":2}},"13":{"start":{"line":37,"column":4},"end":{"line":37,"column":33}},"14":{"start":{"line":38,"column":4},"end":{"line":38,"column":36}}},"branchMap":{"1":{"line":12,"type":"if","locations":[{"start":{"line":12,"column":4},"end":{"line":12,"column":4}},{"start":{"line":12,"column":4},"end":{"line":12,"column":4}}]}}}}