TN:
SF:/Users/cognizant/Neethu/PushBroker/test.js
FN:18,(anonymous_1)
FN:20,(anonymous_2)
FN:22,(anonymous_3)
FN:28,(anonymous_4)
FN:29,(anonymous_5)
FN:32,(anonymous_6)
FN:41,(anonymous_7)
FN:42,(anonymous_8)
FN:48,(anonymous_9)
FN:60,(anonymous_10)
FN:61,(anonymous_11)
FN:67,(anonymous_12)
FN:80,(anonymous_13)
FN:81,(anonymous_14)
FN:87,(anonymous_15)
FN:96,(anonymous_16)
FN:97,(anonymous_17)
FN:104,(anonymous_18)
FNF:18
FNH:18
FNDA:1,(anonymous_1)
FNDA:1,(anonymous_2)
FNDA:1,(anonymous_3)
FNDA:1,(anonymous_4)
FNDA:1,(anonymous_5)
FNDA:1,(anonymous_6)
FNDA:1,(anonymous_7)
FNDA:1,(anonymous_8)
FNDA:1,(anonymous_9)
FNDA:1,(anonymous_10)
FNDA:1,(anonymous_11)
FNDA:1,(anonymous_12)
FNDA:1,(anonymous_13)
FNDA:1,(anonymous_14)
FNDA:1,(anonymous_15)
FNDA:1,(anonymous_16)
FNDA:1,(anonymous_17)
FNDA:1,(anonymous_18)
DA:4,1
DA:5,1
DA:6,1
DA:7,1
DA:9,1
DA:10,1
DA:18,1
DA:20,1
DA:21,1
DA:22,1
DA:23,1
DA:28,1
DA:29,1
DA:30,1
DA:31,1
DA:33,1
DA:34,1
DA:36,1
DA:41,1
DA:42,1
DA:43,1
DA:45,1
DA:49,1
DA:50,1
DA:51,1
DA:52,1
DA:53,1
DA:60,1
DA:61,1
DA:62,1
DA:64,1
DA:68,1
DA:69,1
DA:70,1
DA:71,1
DA:72,1
DA:80,1
DA:81,1
DA:82,1
DA:83,1
DA:88,1
DA:89,1
DA:96,1
DA:97,1
DA:98,1
DA:100,1
DA:105,1
DA:106,1
LF:48
LH:48
BRF:0
BRH:0
end_of_record
TN:
SF:/Users/cognizant/Neethu/PushBroker/push-service-broker.js
FN:37,checkConsistency
FN:55,(anonymous_2)
FN:62,(anonymous_3)
FN:70,(anonymous_4)
FN:89,(anonymous_5)
FN:92,(anonymous_6)
FN:94,(anonymous_7)
FN:119,(anonymous_8)
FN:125,(anonymous_9)
FN:136,(anonymous_10)
FN:139,(anonymous_11)
FN:151,(anonymous_12)
FN:173,(anonymous_13)
FN:177,(anonymous_14)
FN:179,(anonymous_15)
FN:208,(anonymous_16)
FN:227,(anonymous_17)
FN:229,(anonymous_18)
FN:251,(anonymous_19)
FN:270,(anonymous_20)
FN:275,(anonymous_21)
FN:276,(anonymous_22)
FN:309,(anonymous_23)
FN:316,(anonymous_24)
FN:328,(anonymous_25)
FN:351,(anonymous_26)
FN:359,apiVersionChecker
FN:361,(anonymous_28)
FN:376,authenticate
FN:377,(anonymous_30)
FN:400,(anonymous_31)
FN:409,(anonymous_32)
FN:412,(anonymous_33)
FNF:33
FNH:31
FNDA:1,checkConsistency
FNDA:1,(anonymous_2)
FNDA:1,(anonymous_3)
FNDA:1,(anonymous_4)
FNDA:1,(anonymous_5)
FNDA:1,(anonymous_6)
FNDA:1,(anonymous_7)
FNDA:1,(anonymous_8)
FNDA:1,(anonymous_9)
FNDA:1,(anonymous_10)
FNDA:1,(anonymous_11)
FNDA:1,(anonymous_12)
FNDA:1,(anonymous_13)
FNDA:1,(anonymous_14)
FNDA:1,(anonymous_15)
FNDA:1,(anonymous_16)
FNDA:1,(anonymous_17)
FNDA:1,(anonymous_18)
FNDA:1,(anonymous_19)
FNDA:1,(anonymous_20)
FNDA:1,(anonymous_21)
FNDA:1,(anonymous_22)
FNDA:1,(anonymous_23)
FNDA:1,(anonymous_24)
FNDA:1,(anonymous_25)
FNDA:0,(anonymous_26)
FNDA:1,apiVersionChecker
FNDA:5,(anonymous_28)
FNDA:1,authenticate
FNDA:5,(anonymous_30)
FNDA:0,(anonymous_31)
FNDA:1,(anonymous_32)
FNDA:1,(anonymous_33)
DA:11,1
DA:12,1
DA:13,1
DA:14,1
DA:15,1
DA:16,1
DA:17,1
DA:20,1
DA:24,1
DA:28,1
DA:29,1
DA:30,1
DA:31,1
DA:32,1
DA:37,1
DA:38,1
DA:40,1
DA:41,1
DA:43,1
DA:44,1
DA:45,1
DA:46,1
DA:47,0
DA:48,0
DA:55,1
DA:57,1
DA:58,1
DA:62,1
DA:63,1
DA:65,1
DA:66,1
DA:67,1
DA:68,1
DA:69,1
DA:70,1
DA:71,1
DA:72,0
DA:73,0
DA:74,0
DA:77,1
DA:78,1
DA:83,1
DA:89,1
DA:90,1
DA:92,1
DA:94,1
DA:95,1
DA:96,0
DA:100,1
DA:101,1
DA:102,1
DA:105,0
DA:110,1
DA:114,1
DA:119,1
DA:121,1
DA:125,1
DA:126,1
DA:127,0
DA:130,1
DA:133,1
DA:136,1
DA:137,1
DA:139,1
DA:140,1
DA:141,0
DA:144,1
DA:151,1
DA:152,1
DA:153,0
DA:158,1
DA:162,1
DA:165,1
DA:167,1
DA:173,1
DA:177,1
DA:179,1
DA:180,1
DA:181,0
DA:185,1
DA:186,1
DA:187,0
DA:190,1
DA:194,0
DA:199,1
DA:203,1
DA:208,1
DA:209,1
DA:210,1
DA:218,1
DA:221,0
DA:227,1
DA:229,1
DA:230,1
DA:231,0
DA:234,1
DA:238,1
DA:241,1
DA:246,1
DA:251,1
DA:252,1
DA:253,0
DA:258,1
DA:260,1
DA:261,1
DA:264,1
DA:270,1
DA:275,1
DA:276,1
DA:277,1
DA:278,0
DA:282,1
DA:284,1
DA:285,1
DA:286,0
DA:289,1
DA:294,0
DA:300,1
DA:304,1
DA:309,1
DA:310,1
DA:311,1
DA:312,1
DA:313,1
DA:316,1
DA:317,1
DA:318,0
DA:319,0
DA:322,1
DA:323,1
DA:326,1
DA:328,1
DA:329,1
DA:330,0
DA:335,1
DA:336,1
DA:343,1
DA:345,1
DA:351,1
DA:353,0
DA:356,0
DA:359,1
DA:360,1
DA:361,1
DA:362,5
DA:363,0
DA:364,0
DA:365,0
DA:366,0
DA:367,0
DA:370,5
DA:372,5
DA:376,1
DA:377,1
DA:378,5
DA:379,0
DA:380,0
DA:381,0
DA:382,0
DA:388,5
DA:390,5
DA:394,1
DA:400,1
DA:401,0
DA:405,1
DA:406,1
DA:409,1
DA:412,1
DA:413,1
DA:419,1
LF:170
LH:136
BRDA:46,1,0,0
BRDA:46,1,1,1
BRDA:71,2,0,0
BRDA:71,2,1,1
BRDA:95,3,0,0
BRDA:95,3,1,1
BRDA:100,4,0,1
BRDA:100,4,1,0
BRDA:126,5,0,0
BRDA:126,5,1,1
BRDA:140,6,0,0
BRDA:140,6,1,1
BRDA:152,7,0,0
BRDA:152,7,1,1
BRDA:180,8,0,0
BRDA:180,8,1,1
BRDA:185,9,0,1
BRDA:185,9,1,0
BRDA:186,10,0,0
BRDA:186,10,1,1
BRDA:230,11,0,0
BRDA:230,11,1,1
BRDA:252,12,0,0
BRDA:252,12,1,1
BRDA:277,13,0,0
BRDA:277,13,1,1
BRDA:284,14,0,1
BRDA:284,14,1,0
BRDA:285,15,0,0
BRDA:285,15,1,1
BRDA:317,16,0,0
BRDA:317,16,1,1
BRDA:329,17,0,0
BRDA:329,17,1,1
BRDA:362,18,0,0
BRDA:362,18,1,5
BRDA:364,19,0,0
BRDA:364,19,1,0
BRDA:378,20,0,0
BRDA:378,20,1,5
BRDA:378,21,0,5
BRDA:378,21,1,5
BRDA:379,22,0,0
BRDA:379,22,1,0
BRDA:379,23,0,0
BRDA:379,23,1,0
BRDA:379,23,2,0
BRDA:379,23,3,0
BRDA:406,24,0,1
BRDA:406,24,1,1
BRF:50
BRH:23
end_of_record
TN:
SF:/Users/cognizant/Neethu/PushBroker/DAL/InstanceDal.js
FN:9,(anonymous_1)
FN:18,(anonymous_2)
FN:27,(anonymous_3)
FN:37,(anonymous_4)
FNF:4
FNH:4
FNDA:1,(anonymous_1)
FNDA:3,(anonymous_2)
FNDA:2,(anonymous_3)
FNDA:1,(anonymous_4)
DA:4,1
DA:5,1
DA:6,1
DA:9,1
DA:10,1
DA:11,1
DA:12,1
DA:13,1
DA:18,1
DA:19,3
DA:20,3
DA:22,3
DA:27,1
DA:28,2
DA:29,2
DA:31,2
DA:37,1
DA:38,1
DA:39,1
DA:41,1
LF:20
LH:20
BRF:0
BRH:0
end_of_record
TN:
SF:/Users/cognizant/Neethu/PushBroker/models/Instances.js
FNF:0
FNH:0
DA:4,1
DA:5,1
DA:7,1
DA:15,1
LF:4
LH:4
BRF:0
BRH:0
end_of_record
TN:
SF:/Users/cognizant/Neethu/PushBroker/DAL/Connector.js
FN:9,(anonymous_1)
FN:21,(anonymous_2)
FN:31,(anonymous_3)
FN:36,(anonymous_4)
FNF:4
FNH:4
FNDA:1,(anonymous_1)
FNDA:1,(anonymous_2)
FNDA:7,(anonymous_3)
FNDA:1,(anonymous_4)
DA:5,1
DA:6,1
DA:7,1
DA:9,1
DA:12,1
DA:17,1
DA:21,1
DA:22,1
DA:23,1
DA:31,1
DA:32,7
DA:36,1
DA:37,1
DA:38,1
LF:14
LH:14
BRDA:12,1,0,1
BRDA:12,1,1,0
BRF:2
BRH:1
end_of_record
